<?xml version="1.0" encoding="UTF-8"?>
<testng-results ignored="0" total="1" passed="1" failed="0" skipped="0">
  <reporter-output>
  </reporter-output>
  <suite started-at="2025-01-22T05:40:28 IST" name="Suite" finished-at="2025-01-22T05:40:33 IST" duration-ms="4831">
    <groups>
    </groups>
    <test started-at="2025-01-22T05:40:28 IST" name="Test" finished-at="2025-01-22T05:40:33 IST" duration-ms="4831">
      <class name="day1.FirstTestCase">
        <test-method is-config="true" signature="openApp()[pri:0, instance:day1.FirstTestCase@771a660]" started-at="2025-01-22T05:40:22 IST" name="openApp" finished-at="2025-01-22T05:40:28 IST" duration-ms="5840" status="PASS">
          <reporter-output>
          </reporter-output>
        </test-method> <!-- openApp -->
        <test-method signature="login()[pri:0, instance:day1.FirstTestCase@771a660]" started-at="2025-01-22T05:40:28 IST" name="login" finished-at="2025-01-22T05:40:33 IST" duration-ms="4794" status="PASS">
          <reporter-output>
          </reporter-output>
        </test-method> <!-- login -->
        <test-method is-config="true" signature="closeApp()[pri:0, instance:day1.FirstTestCase@771a660]" started-at="2025-01-22T05:40:33 IST" name="closeApp" finished-at="2025-01-22T05:40:33 IST" duration-ms="355" status="PASS">
          <reporter-output>
          </reporter-output>
        </test-method> <!-- closeApp -->
      </class> <!-- day1.FirstTestCase -->
    </test> <!-- Test -->
  </suite> <!-- Suite -->
</testng-results>
